<?xml version="1.0" encoding="UTF-8"?>
<!-- Generated by org.testng.reporters.JUnitReportReporter -->
<testsuite skipped="0" hostname="DESKTOP-QAGK3G7" name="module9.assignment1" tests="8" failures="0" timestamp="16 Mar 2021 03:30:46 GMT" time="29.714" errors="0">
  <testcase name="bgotoURL" time="1.392" classname="module9.assignment1"/>
  <testcase name="cmaximizeWindow" time="4.233" classname="module9.assignment1"/>
  <testcase name="gverifyswgDemoLogin" time="8.028" classname="module9.assignment1"/>
  <testcase name="hteardown" time="0.151" classname="module9.assignment1"/>
  <testcase name="asetup" time="3.256" classname="module9.assignment1"/>
  <testcase name="dtype_UserName" time="4.174" classname="module9.assignment1"/>
  <testcase name="etype_Password" time="4.131" classname="module9.assignment1"/>
  <testcase name="fclick_Login" time="4.349" classname="module9.assignment1"/>
</testsuite> <!-- module9.assignment1 -->
