<?xml version="1.0" encoding="UTF-8"?>
<!-- Generated by org.testng.reporters.JUnitReportReporter -->
<testsuite skipped="0" hostname="DESKTOP-QAGK3G7" name="module8.Assignment8_4" tests="7" failures="0" timestamp="16 Mar 2021 02:49:50 GMT" time="55.499" errors="0">
  <testcase name="etype_Password" time="4.120" classname="module8.Assignment8_4"/>
  <testcase name="cmaximizeWindow" time="4.471" classname="module8.Assignment8_4"/>
  <testcase name="fclick_Login" time="4.100" classname="module8.Assignment8_4"/>
  <testcase name="bgotoURL" time="22.565" classname="module8.Assignment8_4"/>
  <testcase name="dtype_UserName" time="4.187" classname="module8.Assignment8_4"/>
  <testcase name="asetup" time="15.904" classname="module8.Assignment8_4"/>
  <testcase name="hteardown" time="0.152" classname="module8.Assignment8_4"/>
</testsuite> <!-- module8.Assignment8_4 -->
