<?xml version="1.0" encoding="UTF-8"?>
<!-- Generated by org.testng.reporters.JUnitReportReporter -->
<testsuite skipped="0" hostname="DESKTOP-HDCK92R" name="allClassFilesPackage.Test2_SwagDemo" tests="1" failures="0" timestamp="4 Feb 2021 12:52:57 GMT" time="35.567" errors="0">
  <testcase name="swagLogin" time="35.567" classname="allClassFilesPackage.Test2_SwagDemo"/>
</testsuite> <!-- allClassFilesPackage.Test2_SwagDemo -->
