<?xml version="1.0" encoding="UTF-8"?>
<!-- Generated by org.testng.reporters.JUnitReportReporter -->
<testsuite skipped="0" hostname="DESKTOP-HDCK92R" name="allClassFilesPackage.Test1SikuliScript" tests="1" failures="0" timestamp="4 Feb 2021 12:46:29 GMT" time="68.013" errors="0">
  <testcase name="sikuliScript" time="68.013" classname="allClassFilesPackage.Test1SikuliScript"/>
</testsuite> <!-- allClassFilesPackage.Test1SikuliScript -->
